<?xml version="1.0" encoding="UTF-8"?>
<!-- Generated by org.testng.reporters.JUnitReportReporter -->
<testsuite skipped="0" hostname="ip-172-31-87-158" name="com.simplilearn.ecom.group.BrowserSpecificGroupTest" tests="10" failures="0" timestamp="2021-12-01T11:56:18 UTC" time="28.201" errors="0">
  <testcase name="testAmazonHomepage" time="0.018" classname="com.simplilearn.ecom.group.BrowserSpecificGroupTest"/>
  <system-out/>
  <testcase name="testFacebookTitle" time="0.043" classname="com.simplilearn.ecom.group.BrowserSpecificGroupTest"/>
  <system-out/>
  <testcase name="lauchChromeTest" time="2.558" classname="com.simplilearn.ecom.group.BrowserSpecificGroupTest"/>
  <system-out/>
  <testcase name="lauchFirefoxTest" time="5.068" classname="com.simplilearn.ecom.group.BrowserSpecificGroupTest"/>
  <system-out/>
  <testcase name="testHompageSourceUrl" time="0.008" classname="com.simplilearn.ecom.group.BrowserSpecificGroupTest"/>
  <system-out/>
  <testcase name="testFacebookHomepage" time="0.122" classname="com.simplilearn.ecom.group.BrowserSpecificGroupTest"/>
  <system-out/>
  <testcase name="testAmazonSearch" time="4.010" classname="com.simplilearn.ecom.group.BrowserSpecificGroupTest"/>
  <system-out/>
  <testcase name="testFacebookFailureLogin" time="14.660" classname="com.simplilearn.ecom.group.BrowserSpecificGroupTest"/>
  <system-out/>
  <testcase name="closeChromeBrowser" time="0.137" classname="com.simplilearn.ecom.group.BrowserSpecificGroupTest"/>
  <system-out/>
  <testcase name="closeFirefox" time="1.577" classname="com.simplilearn.ecom.group.BrowserSpecificGroupTest"/>
  <system-out/>
</testsuite> <!-- com.simplilearn.ecom.group.BrowserSpecificGroupTest -->
