<?xml version="1.0" encoding="UTF-8"?>
<!-- Generated by org.testng.reporters.JUnitReportReporter -->
<testsuite skipped="0" hostname="ip-172-31-87-158" name="com.simplilearn.ecom.amazon.AmazonHomepageTest" tests="3" failures="0" timestamp="2021-12-01T11:56:18 UTC" time="15.862" errors="0">
  <testcase name="testAmazonSearch" time="5.957" classname="com.simplilearn.ecom.amazon.AmazonHomepageTest"/>
  <system-out/>
  <testcase name="testAmazonHomepage" time="4.297" classname="com.simplilearn.ecom.amazon.AmazonHomepageTest"/>
  <system-out/>
  <testcase name="testAmazonMobileLink" time="5.608" classname="com.simplilearn.ecom.amazon.AmazonHomepageTest"/>
  <system-out/>
</testsuite> <!-- com.simplilearn.ecom.amazon.AmazonHomepageTest -->
