<?xml version="1.0" encoding="UTF-8"?>
<!-- Generated by org.testng.reporters.JUnitReportReporter -->
<testsuite skipped="0" hostname="ip-172-31-87-158" name="com.simplilearn.ecom.facebook.FacebookLoginTest" tests="2" failures="0" timestamp="2021-12-01T10:56:46 UTC" time="15.446" errors="0">
  <testcase name="testFacebookHomepage" time="1.602" classname="com.simplilearn.ecom.facebook.FacebookLoginTest"/>
  <system-out/>
  <testcase name="testFacebookFailureLogin" time="13.844" classname="com.simplilearn.ecom.facebook.FacebookLoginTest"/>
  <system-out/>
</testsuite> <!-- com.simplilearn.ecom.facebook.FacebookLoginTest -->
