<?xml version="1.0" encoding="UTF-8"?>
<!-- Generated by org.testng.reporters.JUnitReportReporter -->
<testsuite skipped="0" hostname="ip-172-31-87-158" name="com.simplilearn.ecom.amazon.AmazonNavLinkTest" tests="3" failures="0" timestamp="2021-12-01T10:56:46 UTC" time="14.124" errors="0">
  <testcase name="testAmazonBestsellerLink" time="4.594" classname="com.simplilearn.ecom.amazon.AmazonNavLinkTest"/>
  <system-out/>
  <testcase name="testAmazonMobileLink" time="4.585" classname="com.simplilearn.ecom.amazon.AmazonNavLinkTest"/>
  <system-out/>
  <testcase name="testAmazonElectronicLink" time="4.945" classname="com.simplilearn.ecom.amazon.AmazonNavLinkTest"/>
  <system-out/>
</testsuite> <!-- com.simplilearn.ecom.amazon.AmazonNavLinkTest -->
