<?xml version="1.0" encoding="UTF-8"?>
<!-- Generated by org.testng.reporters.JUnitReportReporter -->
<testsuite skipped="0" hostname="ip-172-31-87-158" name="com.simplilearn.ecom.facebook.FacebookLoginTest" tests="2" failures="0" timestamp="2021-12-01T11:56:18 UTC" time="17.736" errors="0">
  <testcase name="testFacebookFailureLogin" time="15.846" classname="com.simplilearn.ecom.facebook.FacebookLoginTest"/>
  <system-out/>
  <testcase name="testFacebookHomepage" time="1.890" classname="com.simplilearn.ecom.facebook.FacebookLoginTest"/>
  <system-out/>
</testsuite> <!-- com.simplilearn.ecom.facebook.FacebookLoginTest -->
