<?xml version="1.0" encoding="UTF-8"?>
<!-- Generated by org.testng.reporters.JUnitReportReporter -->
<testsuite skipped="0" hostname="ip-172-31-87-158" name="com.simplilearn.ecom.amazon.StandardAnnotationTest" tests="3" failures="0" timestamp="2021-12-01T10:01:10 UTC" time="0.011" errors="0">
  <testcase name="testOne" time="0.007" classname="com.simplilearn.ecom.amazon.StandardAnnotationTest"/>
  <system-out/>
  <testcase name="testTwo" time="0.002" classname="com.simplilearn.ecom.amazon.StandardAnnotationTest"/>
  <system-out/>
  <testcase name="testThree" time="0.002" classname="com.simplilearn.ecom.amazon.StandardAnnotationTest"/>
  <system-out/>
</testsuite> <!-- com.simplilearn.ecom.amazon.StandardAnnotationTest -->
