<?xml version="1.0" encoding="UTF-8"?>
<!-- Generated by org.testng.reporters.JUnitReportReporter -->
<testsuite skipped="0" hostname="ip-172-31-87-158" name="com.simplilearn.ecom.group.BrowserSpecificGroupTest" tests="10" failures="0" timestamp="2021-12-01T11:32:35 UTC" time="29.434" errors="0">
  <testcase name="lauchChromeTest" time="3.730" classname="com.simplilearn.ecom.group.BrowserSpecificGroupTest"/>
  <system-out/>
  <testcase name="testAmazonHomepage" time="0.020" classname="com.simplilearn.ecom.group.BrowserSpecificGroupTest"/>
  <system-out/>
  <testcase name="testFacebookTitle" time="0.011" classname="com.simplilearn.ecom.group.BrowserSpecificGroupTest"/>
  <system-out/>
  <testcase name="lauchFirefoxTest" time="6.088" classname="com.simplilearn.ecom.group.BrowserSpecificGroupTest"/>
  <system-out/>
  <testcase name="testFacebookHomepage" time="0.160" classname="com.simplilearn.ecom.group.BrowserSpecificGroupTest"/>
  <system-out/>
  <testcase name="testHompageSourceUrl" time="0.011" classname="com.simplilearn.ecom.group.BrowserSpecificGroupTest"/>
  <system-out/>
  <testcase name="testAmazonSearch" time="4.100" classname="com.simplilearn.ecom.group.BrowserSpecificGroupTest"/>
  <system-out/>
  <testcase name="testFacebookFailureLogin" time="13.515" classname="com.simplilearn.ecom.group.BrowserSpecificGroupTest"/>
  <system-out/>
  <testcase name="closeFirefox" time="1.608" classname="com.simplilearn.ecom.group.BrowserSpecificGroupTest"/>
  <system-out/>
  <testcase name="closeChromeBrowser" time="0.191" classname="com.simplilearn.ecom.group.BrowserSpecificGroupTest"/>
  <system-out/>
</testsuite> <!-- com.simplilearn.ecom.group.BrowserSpecificGroupTest -->
